<?xml version="1.0" encoding="UTF-8"?>
<testsuite xmlns:xsi="http://www.w3.org/2001/XMLSchema-instance" xsi:noNamespaceSchemaLocation="https://maven.apache.org/surefire/maven-surefire-plugin/xsd/surefire-test-report-3.0.xsd" version="3.0" name="com.example.servingwebcontent.ServingWebContentApplicationTests" time="5.81" tests="1" errors="0" skipped="0" failures="0">
  <properties>
[...]
</properties>
  <testcase name="contextLoads" classname="com.example.servingwebcontent.ServingWebContentApplicationTests" time="1.434">
    <system-out><![CDATA[16:59:11.096 [main] INFO org.springframework.test.context.support.AnnotationConfigContextLoaderUtils -- Could not detect default configuration classes for test class [com.example.servingwebcontent.ServingWebContentApplicationTests]: ServingWebContentApplicationTests does not declare any static, non-private, non-final, nested classes annotated with @Configuration.
16:59:11.403 [main] INFO org.springframework.boot.test.context.SpringBootTestContextBootstrapper -- Found @SpringBootConfiguration com.example.servingwebcontent.ServingWebContentApplication for test class com.example.servingwebcontent.ServingWebContentApplicationTests
16:59:11.775 [main] INFO org.springframework.boot.devtools.restart.RestartApplicationListener -- Restart disabled due to context in which it is running

  .   ____          _            __ _ _
 /\\ / ___'_ __ _ _(_)_ __  __ _ \ \ \ \
( ( )\___ | '_ | '_| | '_ \/ _` | \ \ \ \
 \\/  ___)| |_)| | | | | || (_| |  ) ) ) )
  '  |____| .__|_| |_|_| |_\__, | / / / /
 =========|_|==============|___/=/_/_/_/

 :: Spring Boot ::                (v3.3.1)

2026-05-13T16:59:12.299+07:00  INFO 13644 --- [           main] c.e.s.ServingWebContentApplicationTests  : Starting ServingWebContentApplicationTests using Java 25.0.3 with PID 13644 (started by Administrator in C:\Users\Administrator\Documents\GitHub\OOP_N03_25_26_NGOCLINH_HUNGTHANH_VANHIEP\gs-serving-web-content-main\initial)
2026-05-13T16:59:12.302+07:00  INFO 13644 --- [           main] c.e.s.ServingWebContentApplicationTests  : No active profile set, falling back to 1 default profile: "default"
2026-05-13T16:59:14.997+07:00  WARN 13644 --- [           main] ion$DefaultTemplateResolverConfiguration : Cannot find template location: classpath:/templates/ (please add some templates, check your Thymeleaf configuration, or set spring.thymeleaf.check-template-location=false)
2026-05-13T16:59:15.138+07:00  INFO 13644 --- [           main] c.e.s.ServingWebContentApplicationTests  : Started ServingWebContentApplicationTests in 3.387 seconds (process running for 5.305)
]]></system-out>
    <system-err><![CDATA[WARNING: A Java agent has been loaded dynamically (C:\Users\Administrator\.m2\repository\net\bytebuddy\byte-buddy-agent\1.14.17\byte-buddy-agent-1.14.17.jar)
WARNING: If a serviceability tool is in use, please run with -XX:+EnableDynamicAgentLoading to hide this warning
WARNING: If a serviceability tool is not in use, please run with -Djdk.instrument.traceUsage for more information
WARNING: Dynamic loading of agents will be disallowed by default in a future release
]]></system-err>
  </testcase>
</testsuite>